<?xml version="1.0" encoding="UTF-8"?>
<testsuite xmlns:xsi="http://www.w3.org/2001/XMLSchema-instance" xsi:noNamespaceSchemaLocation="https://maven.apache.org/surefire/maven-surefire-plugin/xsd/surefire-test-report-3.0.xsd" version="3.0" name="com.springboot.mysql.ApplicationTests" time="2.092" tests="1" errors="0" skipped="0" failures="0">
  <properties>
[...]
</properties>
  <testcase name="contextLoads" classname="com.springboot.mysql.ApplicationTests" time="0.302">
    <system-out><![CDATA[09:34:35.719 [main] INFO org.springframework.test.context.support.AnnotationConfigContextLoaderUtils -- Could not detect default configuration classes for test class [com.springboot.mysql.ApplicationTests]: ApplicationTests does not declare any static, non-private, non-final, nested classes annotated with @Configuration.
09:34:35.757 [main] INFO org.springframework.boot.test.context.SpringBootTestContextBootstrapper -- Found @SpringBootConfiguration com.springboot.mysql.Application for test class com.springboot.mysql.ApplicationTests

  .   ____          _            __ _ _
 /\\ / ___'_ __ _ _(_)_ __  __ _ \ \ \ \
( ( )\___ | '_ | '_| | '_ \/ _` | \ \ \ \
 \\/  ___)| |_)| | | | | || (_| |  ) ) ) )
  '  |____| .__|_| |_|_| |_\__, | / / / /
 =========|_|==============|___/=/_/_/_/
 :: Spring Boot ::                (v3.1.4)

2024-04-20T09:34:35.909-06:00  INFO 31579 --- [           main] com.springboot.mysql.ApplicationTests    : Starting ApplicationTests using Java 17.0.10 with PID 31579 (started by apioriente in /Users/apioriente/Downloads/SpringBoot_RestAPI-master/springboot.mysql)
2024-04-20T09:34:35.910-06:00  INFO 31579 --- [           main] com.springboot.mysql.ApplicationTests    : No active profile set, falling back to 1 default profile: "default"
2024-04-20T09:34:36.134-06:00  INFO 31579 --- [           main] .s.d.r.c.RepositoryConfigurationDelegate : Bootstrapping Spring Data JPA repositories in DEFAULT mode.
2024-04-20T09:34:36.158-06:00  INFO 31579 --- [           main] .s.d.r.c.RepositoryConfigurationDelegate : Finished Spring Data repository scanning in 18 ms. Found 1 JPA repository interfaces.
2024-04-20T09:34:36.322-06:00  INFO 31579 --- [           main] o.hibernate.jpa.internal.util.LogHelper  : HHH000204: Processing PersistenceUnitInfo [name: default]
2024-04-20T09:34:36.350-06:00  INFO 31579 --- [           main] org.hibernate.Version                    : HHH000412: Hibernate ORM core version 6.2.9.Final
2024-04-20T09:34:36.351-06:00  INFO 31579 --- [           main] org.hibernate.cfg.Environment            : HHH000406: Using bytecode reflection optimizer
2024-04-20T09:34:36.418-06:00  INFO 31579 --- [           main] o.h.b.i.BytecodeProviderInitiator        : HHH000021: Bytecode provider name : bytebuddy
2024-04-20T09:34:36.475-06:00  INFO 31579 --- [           main] o.s.o.j.p.SpringPersistenceUnitInfo      : No LoadTimeWeaver setup: ignoring JPA class transformer
2024-04-20T09:34:36.481-06:00  INFO 31579 --- [           main] com.zaxxer.hikari.HikariDataSource       : HikariPool-1 - Starting...
2024-04-20T09:34:36.575-06:00  INFO 31579 --- [           main] com.zaxxer.hikari.pool.HikariPool        : HikariPool-1 - Added connection com.mysql.cj.jdbc.ConnectionImpl@63485d7
2024-04-20T09:34:36.576-06:00  INFO 31579 --- [           main] com.zaxxer.hikari.HikariDataSource       : HikariPool-1 - Start completed.
2024-04-20T09:34:36.589-06:00  WARN 31579 --- [           main] o.h.e.j.e.i.JdbcEnvironmentInitiator     : HHH000339: Could not obtain connection metadata: java.sql.SQLSyntaxErrorException: Unknown column 'RESERVED' in 'where clause'
2024-04-20T09:34:36.682-06:00  INFO 31579 --- [           main] o.h.b.i.BytecodeProviderInitiator        : HHH000021: Bytecode provider name : bytebuddy
2024-04-20T09:34:36.911-06:00  INFO 31579 --- [           main] o.h.e.t.j.p.i.JtaPlatformInitiator       : HHH000490: Using JtaPlatform implementation: [org.hibernate.engine.transaction.jta.platform.internal.NoJtaPlatform]
2024-04-20T09:34:37.144-06:00  INFO 31579 --- [           main] j.LocalContainerEntityManagerFactoryBean : Initialized JPA EntityManagerFactory for persistence unit 'default'
2024-04-20T09:34:37.295-06:00  WARN 31579 --- [           main] JpaBaseConfiguration$JpaWebConfiguration : spring.jpa.open-in-view is enabled by default. Therefore, database queries may be performed during view rendering. Explicitly configure spring.jpa.open-in-view to disable this warning
2024-04-20T09:34:37.427-06:00  INFO 31579 --- [           main] com.springboot.mysql.ApplicationTests    : Started ApplicationTests in 1.616 seconds (process running for 2.067)
]]></system-out>
  </testcase>
</testsuite>